<?xml version="1.0" encoding="UTF-8"?>
<!-- Generated by org.testng.reporters.JUnitReportReporter -->
<testsuite hostname="DESKTOP-565S1Q9" failures="0" tests="1" name="cucumberOptions.TestNGTestRunner" time="48.926" errors="0" timestamp="2024-02-26T08:10:33 IST" skipped="0">
  <testcase classname="cucumberOptions.TestNGTestRunner" name="runScenario" time="48.926"/>
</testsuite> <!-- cucumberOptions.TestNGTestRunner -->
